[2025-06-29 15:53:37] POST /cards 401  -  2.836 ms
[2025-06-29 16:17:57] POST /cards 500  -  15.534 ms
[2025-06-29 16:18:16] POST /cards 500  -  3.991 ms
[2025-06-29 16:21:35] POST /cards 500  -  5.171 ms
[2025-06-29 16:21:55] POST /cards 401  -  5.370 ms | Authentication Error: Please Login
[2025-06-29 16:25:25] POST /cards 401  -  1.030 ms | Authentication Error: Please Login
[2025-06-29 16:48:58] GET /users 401  -  1.908 ms | Authentication Error: Please Login
[2025-06-29 16:49:09] POST /users 400  -  6.643 ms | Joi.string.max is not a function
[2025-06-29 16:49:39] POST /users 400  -  7.010 ms | Joi.number.required is not a function
[2025-06-29 16:50:15] POST /users 400  -  9.627 ms | validation Error: "name.fist" is required
[2025-06-29 16:51:07] POST /users 400  -  10.489 ms | validation Error: "image.alt" is not allowed to be empty
[2025-06-29 16:53:06] POST /users 400  -  18.379 ms | validation Error: "Address" is required
[2025-06-29 16:58:23] POST /users 400  -  73.669 ms | mongoose Error: E11000 duplicate key error collection: cardsServer.users index: email_1 dup key: { email: "ron7892123@gamil.com" }
[2025-06-29 17:12:55] GET /users 500  -  3.032 ms | Internal Server Error
[2025-06-29 17:13:02] GET /users 500  -  1.731 ms | Internal Server Error
[2025-06-29 17:13:31] GET /users 500  -  1.898 ms | Internal Server Error
[2025-06-29 17:19:35] GET /users 403  -  7.418 ms | autorotation Error: Only admin user can view all users
[2025-06-29 17:25:14] GET /users 403  -  1.854 ms | autorotation Error: Only admin user can view all users
[2025-06-29 18:53:14] POST /users/login 400  -  4.564 ms | validator is not defined
[2025-06-29 18:53:51] POST /users/login 400  -  3.182 ms | validator is not defined
[2025-06-29 20:40:15] GET /users/login 401  -  4.747 ms | Authentication Error: Please Login
[2025-06-29 20:40:24] GET /users/login 401  -  0.869 ms | Authentication Error: Please Login
[2025-06-29 20:40:38] GET /users/login 401  -  28.354 ms | Authentication Error: Please Login
[2025-06-29 20:40:47] GET /users/login 401  -  0.633 ms | Authentication Error: Please Login
[2025-06-29 20:40:53] GET /users/login 401  -  0.543 ms | Authentication Error: Please Login
[2025-06-29 20:41:36] GET /users/login 401  -  0.604 ms | Authentication Error: Please Login
[2025-06-29 20:41:50] GET /users/login 401  -  0.572 ms | Authentication Error: Please Login
